0 info it worked if it ends with ok
1 verbose cli [ '/usr/local/bin/node', '/usr/local/bin/npm', 'install' ]
2 info using npm@2.14.2
3 info using node@v4.1.2
4 verbose readDependencies loading dependencies from /Users/djs/development/hackreactor/projects/shiftjs/shift-js/package.json
5 verbose install where, deps [ '/Users/djs/development/hackreactor/projects/shiftjs/shift-js',
5 verbose install   [ 'bluebird',
5 verbose install     'chokidar',
5 verbose install     'commander',
5 verbose install     'deep-diff',
5 verbose install     'escodegen',
5 verbose install     'esprima-ast-utils',
5 verbose install     'ramda',
5 verbose install     'chai',
5 verbose install     'grunt',
5 verbose install     'grunt-contrib-jshint',
5 verbose install     'grunt-mocha-test',
5 verbose install     'mocha' ] ]
6 verbose install where, peers [ '/Users/djs/development/hackreactor/projects/shiftjs/shift-js',
6 verbose install   [] ]
7 verbose installManyTop reading for lifecycle /Users/djs/development/hackreactor/projects/shiftjs/shift-js/package.json
8 info preinstall shift-js@0.0.1
9 verbose installManyTop reading scoped package data from /Users/djs/development/hackreactor/projects/shiftjs/shift-js/node_modules/bluebird/package.json
10 verbose installManyTop reading scoped package data from /Users/djs/development/hackreactor/projects/shiftjs/shift-js/node_modules/chai/package.json
11 verbose installManyTop reading scoped package data from /Users/djs/development/hackreactor/projects/shiftjs/shift-js/node_modules/chokidar/package.json
12 verbose installManyTop reading scoped package data from /Users/djs/development/hackreactor/projects/shiftjs/shift-js/node_modules/commander/package.json
13 verbose installManyTop reading scoped package data from /Users/djs/development/hackreactor/projects/shiftjs/shift-js/node_modules/deep-diff/package.json
14 verbose installManyTop reading scoped package data from /Users/djs/development/hackreactor/projects/shiftjs/shift-js/node_modules/escodegen/package.json
15 verbose installManyTop reading scoped package data from /Users/djs/development/hackreactor/projects/shiftjs/shift-js/node_modules/esprima-ast-utils/package.json
16 verbose installManyTop reading scoped package data from /Users/djs/development/hackreactor/projects/shiftjs/shift-js/node_modules/grunt/package.json
17 verbose installManyTop reading scoped package data from /Users/djs/development/hackreactor/projects/shiftjs/shift-js/node_modules/grunt-contrib-jshint/package.json
18 verbose installManyTop reading scoped package data from /Users/djs/development/hackreactor/projects/shiftjs/shift-js/node_modules/grunt-mocha-test/package.json
19 verbose installManyTop reading scoped package data from /Users/djs/development/hackreactor/projects/shiftjs/shift-js/node_modules/mocha/package.json
20 verbose installManyTop reading scoped package data from /Users/djs/development/hackreactor/projects/shiftjs/shift-js/node_modules/ramda/package.json
21 info package.json grunt@0.4.5 No license field.
22 info package.json grunt-mocha-test@0.12.7 No license field.
23 verbose readDependencies loading dependencies from /Users/djs/development/hackreactor/projects/shiftjs/shift-js/package.json
24 verbose targetResolver reading package data from /Users/djs/development/hackreactor/projects/shiftjs/shift-js/node_modules/bluebird/package.json
25 verbose targetResolver reading package data from /Users/djs/development/hackreactor/projects/shiftjs/shift-js/node_modules/chai/package.json
26 verbose targetResolver reading package data from /Users/djs/development/hackreactor/projects/shiftjs/shift-js/node_modules/chokidar/package.json
27 verbose targetResolver reading package data from /Users/djs/development/hackreactor/projects/shiftjs/shift-js/node_modules/commander/package.json
28 verbose targetResolver reading package data from /Users/djs/development/hackreactor/projects/shiftjs/shift-js/node_modules/deep-diff/package.json
29 verbose targetResolver reading package data from /Users/djs/development/hackreactor/projects/shiftjs/shift-js/node_modules/escodegen/package.json
30 verbose targetResolver reading package data from /Users/djs/development/hackreactor/projects/shiftjs/shift-js/node_modules/esprima-ast-utils/package.json
31 verbose targetResolver reading package data from /Users/djs/development/hackreactor/projects/shiftjs/shift-js/node_modules/grunt/package.json
32 verbose targetResolver reading package data from /Users/djs/development/hackreactor/projects/shiftjs/shift-js/node_modules/grunt-contrib-jshint/package.json
33 verbose targetResolver reading package data from /Users/djs/development/hackreactor/projects/shiftjs/shift-js/node_modules/grunt-mocha-test/package.json
34 verbose targetResolver reading package data from /Users/djs/development/hackreactor/projects/shiftjs/shift-js/node_modules/mocha/package.json
35 verbose targetResolver reading package data from /Users/djs/development/hackreactor/projects/shiftjs/shift-js/node_modules/ramda/package.json
36 verbose targetResolver reading package data from /Users/djs/development/hackreactor/projects/shiftjs/shift-js/node_modules/.bin/escodegen/package.json
37 verbose targetResolver reading package data from /Users/djs/development/hackreactor/projects/shiftjs/shift-js/node_modules/.bin/esgenerate/package.json
38 verbose targetResolver reading package data from /Users/djs/development/hackreactor/projects/shiftjs/shift-js/node_modules/.bin/mocha/package.json
39 verbose already installed skipping escodegen@^1.7.0 /Users/djs/development/hackreactor/projects/shiftjs/shift-js
40 verbose already installed skipping esprima-ast-utils@0.0.6 /Users/djs/development/hackreactor/projects/shiftjs/shift-js
41 verbose already installed skipping ramda@^0.18.0 /Users/djs/development/hackreactor/projects/shiftjs/shift-js
42 verbose already installed skipping chai@^3.3.0 /Users/djs/development/hackreactor/projects/shiftjs/shift-js
43 verbose already installed skipping grunt@^0.4.5 /Users/djs/development/hackreactor/projects/shiftjs/shift-js
44 verbose already installed skipping grunt-contrib-jshint@^0.11.3 /Users/djs/development/hackreactor/projects/shiftjs/shift-js
45 verbose already installed skipping grunt-mocha-test@^0.12.7 /Users/djs/development/hackreactor/projects/shiftjs/shift-js
46 verbose already installed skipping mocha@^2.3.3 /Users/djs/development/hackreactor/projects/shiftjs/shift-js
47 verbose already installed skipping bluebird@^2.10.2 /Users/djs/development/hackreactor/projects/shiftjs/shift-js
48 verbose already installed skipping chokidar@^1.2.0 /Users/djs/development/hackreactor/projects/shiftjs/shift-js
49 verbose already installed skipping commander@^2.9.0 /Users/djs/development/hackreactor/projects/shiftjs/shift-js
50 verbose already installed skipping deep-diff@^0.3.3 /Users/djs/development/hackreactor/projects/shiftjs/shift-js
51 silly install resolved []
52 info build /Users/djs/development/hackreactor/projects/shiftjs/shift-js
53 info linkStuff shift-js@0.0.1
54 silly linkStuff shift-js@0.0.1 has /Users/djs/development/hackreactor/projects/shiftjs as its parent node_modules
55 verbose linkBins shift-js@0.0.1
56 verbose linkMans shift-js@0.0.1
57 verbose rebuildBundles shift-js@0.0.1
58 verbose rebuildBundles [ '.bin',
58 verbose rebuildBundles   'bluebird',
58 verbose rebuildBundles   'chai',
58 verbose rebuildBundles   'chokidar',
58 verbose rebuildBundles   'commander',
58 verbose rebuildBundles   'deep-diff',
58 verbose rebuildBundles   'escodegen',
58 verbose rebuildBundles   'esprima-ast-utils',
58 verbose rebuildBundles   'grunt',
58 verbose rebuildBundles   'grunt-contrib-jshint',
58 verbose rebuildBundles   'grunt-mocha-test',
58 verbose rebuildBundles   'mocha',
58 verbose rebuildBundles   'ramda' ]
59 info install shift-js@0.0.1
60 info postinstall shift-js@0.0.1
61 verbose unsafe-perm in lifecycle true
62 info shift-js@0.0.1 Failed to exec postinstall script
63 verbose stack Error: shift-js@0.0.1 postinstall: `grunt test`
63 verbose stack Exit status 3
63 verbose stack     at EventEmitter.<anonymous> (/usr/local/lib/node_modules/npm/lib/utils/lifecycle.js:214:16)
63 verbose stack     at emitTwo (events.js:87:13)
63 verbose stack     at EventEmitter.emit (events.js:172:7)
63 verbose stack     at ChildProcess.<anonymous> (/usr/local/lib/node_modules/npm/lib/utils/spawn.js:24:14)
63 verbose stack     at emitTwo (events.js:87:13)
63 verbose stack     at ChildProcess.emit (events.js:172:7)
63 verbose stack     at maybeClose (internal/child_process.js:818:16)
63 verbose stack     at Process.ChildProcess._handle.onexit (internal/child_process.js:211:5)
64 verbose pkgid shift-js@0.0.1
65 verbose cwd /Users/djs/development/hackreactor/projects/shiftjs/shift-js/transpiler
66 error Darwin 14.5.0
67 error argv "/usr/local/bin/node" "/usr/local/bin/npm" "install"
68 error node v4.1.2
69 error npm  v2.14.2
70 error code ELIFECYCLE
71 error shift-js@0.0.1 postinstall: `grunt test`
71 error Exit status 3
72 error Failed at the shift-js@0.0.1 postinstall script 'grunt test'.
72 error This is most likely a problem with the shift-js package,
72 error not with npm itself.
72 error Tell the author that this fails on your system:
72 error     grunt test
72 error You can get their info via:
72 error     npm owner ls shift-js
72 error There is likely additional logging output above.
73 verbose exit [ 1, true ]
